<?xml version="1.0" encoding="UTF-8"?>
<testsuite name="com.elixrlbs.ChatApp.ChatAppTests" tests="1" skipped="0" failures="0" errors="0" timestamp="2024-09-17T06:29:32" hostname="EXR-IT-603" time="0.749">
  <properties/>
  <testcase name="contextLoads()" classname="com.elixrlbs.ChatApp.ChatAppTests" time="0.749"/>
  <system-out><![CDATA[11:59:29.399 [Test worker] INFO org.springframework.test.context.support.AnnotationConfigContextLoaderUtils -- Could not detect default configuration classes for test class [com.elixrlbs.ChatApp.ChatAppTests]: ChatAppTests does not declare any static, non-private, non-final, nested classes annotated with @Configuration.
11:59:29.690 [Test worker] INFO org.springframework.boot.test.context.SpringBootTestContextBootstrapper -- Found @SpringBootConfiguration com.elixrlbs.ChatApp.ChatApp for test class com.elixrlbs.ChatApp.ChatAppTests

  .   ____          _            __ _ _
 /\\ / ___'_ __ _ _(_)_ __  __ _ \ \ \ \
( ( )\___ | '_ | '_| | '_ \/ _` | \ \ \ \
 \\/  ___)| |_)| | | | | || (_| |  ) ) ) )
  '  |____| .__|_| |_|_| |_\__, | / / / /
 =========|_|==============|___/=/_/_/_/

 :: Spring Boot ::                (v3.3.3)

2024-09-17T11:59:30.112+05:30  INFO 13592 --- [ChatApp] [    Test worker] com.elixrlbs.ChatApp.ChatAppTests        : Starting ChatAppTests using Java 17.0.11 with PID 13592 (started by sambit.sahu in C:\Users\sambit.sahu\Projects\ChatApp)
2024-09-17T11:59:30.113+05:30  INFO 13592 --- [ChatApp] [    Test worker] com.elixrlbs.ChatApp.ChatAppTests        : No active profile set, falling back to 1 default profile: "default"
2024-09-17T11:59:30.787+05:30  INFO 13592 --- [ChatApp] [    Test worker] .s.d.r.c.RepositoryConfigurationDelegate : Bootstrapping Spring Data MongoDB repositories in DEFAULT mode.
2024-09-17T11:59:30.875+05:30  INFO 13592 --- [ChatApp] [    Test worker] .s.d.r.c.RepositoryConfigurationDelegate : Finished Spring Data repository scanning in 78 ms. Found 2 MongoDB repository interfaces.
2024-09-17T11:59:31.412+05:30  INFO 13592 --- [ChatApp] [    Test worker] org.mongodb.driver.client                : MongoClient with metadata {"driver": {"name": "mongo-java-driver|sync|spring-boot", "version": "5.0.1"}, "os": {"type": "Windows", "name": "Windows 11", "architecture": "amd64", "version": "10.0"}, "platform": "Java/Oracle Corporation/17.0.11+7-LTS-207"} created with settings MongoClientSettings{readPreference=primary, writeConcern=WriteConcern{w=null, wTimeout=null ms, journal=null}, retryWrites=true, retryReads=true, readConcern=ReadConcern{level=null}, credential=null, transportSettings=null, commandListeners=[], codecRegistry=ProvidersCodecRegistry{codecProviders=[ValueCodecProvider{}, BsonValueCodecProvider{}, DBRefCodecProvider{}, DBObjectCodecProvider{}, DocumentCodecProvider{}, CollectionCodecProvider{}, IterableCodecProvider{}, MapCodecProvider{}, GeoJsonCodecProvider{}, GridFSFileCodecProvider{}, Jsr310CodecProvider{}, JsonObjectCodecProvider{}, BsonCodecProvider{}, EnumCodecProvider{}, com.mongodb.client.model.mql.ExpressionCodecProvider@53eba4b8, com.mongodb.Jep395RecordCodecProvider@437bd805, com.mongodb.KotlinCodecProvider@4b88ca8e]}, loggerSettings=LoggerSettings{maxDocumentLength=1000}, clusterSettings={hosts=[localhost:27017], srvServiceName=mongodb, mode=SINGLE, requiredClusterType=UNKNOWN, requiredReplicaSetName='null', serverSelector='null', clusterListeners='[]', serverSelectionTimeout='30000 ms', localThreshold='15 ms'}, socketSettings=SocketSettings{connectTimeoutMS=10000, readTimeoutMS=0, receiveBufferSize=0, proxySettings=ProxySettings{host=null, port=null, username=null, password=null}}, heartbeatSocketSettings=SocketSettings{connectTimeoutMS=10000, readTimeoutMS=10000, receiveBufferSize=0, proxySettings=ProxySettings{host=null, port=null, username=null, password=null}}, connectionPoolSettings=ConnectionPoolSettings{maxSize=100, minSize=0, maxWaitTimeMS=120000, maxConnectionLifeTimeMS=0, maxConnectionIdleTimeMS=0, maintenanceInitialDelayMS=0, maintenanceFrequencyMS=60000, connectionPoolListeners=[], maxConnecting=2}, serverSettings=ServerSettings{heartbeatFrequencyMS=10000, minHeartbeatFrequencyMS=500, serverListeners='[]', serverMonitorListeners='[]'}, sslSettings=SslSettings{enabled=false, invalidHostNameAllowed=false, context=null}, applicationName='null', compressorList=[], uuidRepresentation=STANDARD, serverApi=null, autoEncryptionSettings=null, dnsClient=null, inetAddressResolver=null, contextProvider=null}
2024-09-17T11:59:31.432+05:30  INFO 13592 --- [ChatApp] [localhost:27017] org.mongodb.driver.cluster               : Monitor thread successfully connected to server with description ServerDescription{address=localhost:27017, type=STANDALONE, state=CONNECTED, ok=true, minWireVersion=0, maxWireVersion=21, maxDocumentSize=16777216, logicalSessionTimeoutMinutes=30, roundTripTimeNanos=27443400}
2024-09-17T11:59:31.820+05:30  INFO 13592 --- [ChatApp] [    Test worker] r$InitializeUserDetailsManagerConfigurer : Global AuthenticationManager configured with UserDetailsService bean with name authUserService
2024-09-17T11:59:31.908+05:30  INFO 13592 --- [ChatApp] [    Test worker] o.s.b.a.w.s.WelcomePageHandlerMapping    : Adding welcome page: class path resource [static/index.html]
2024-09-17T11:59:32.576+05:30  INFO 13592 --- [ChatApp] [    Test worker] com.elixrlbs.ChatApp.ChatAppTests        : Started ChatAppTests in 2.698 seconds (process running for 4.17)
]]></system-out>
  <system-err><![CDATA[]]></system-err>
</testsuite>
